Using pre-set license
Built from '2020.2/release' branch; Version is '2020.2.1f1 (270dd8c3da1c) revision 2559448'; Using compiler version '192528614'; Build Type 'Release'
OS: 'Windows 10  (10.0.0) 64bit' Language: 'en' Physical Memory: 16234 MB
BatchMode: 1, IsHumanControllingUs: 0, StartBugReporterOnCrash: 0, Is64bit: 1, IsPro: 0

 COMMAND LINE ARGUMENTS:
C:\Program Files\Unity\2020.2.1f1\Editor\Unity.exe
-adb2
-batchMode
-noUpm
-name
AssetImportWorker0
-projectPath
C:/Dev/TowerDefense
-logFile
Logs/AssetImportWorker0.log
-srvPort
57366
Successfully changed project path to: C:/Dev/TowerDefense
C:/Dev/TowerDefense
Using Asset Import Pipeline V2.
Refreshing native plugins compatible for Editor in 72.60 ms, found 0 plugins.
Preloading 0 native plugins for Editor in 0.00 ms.
Initialize engine version: 2020.2.1f1 (270dd8c3da1c)
[Subsystems] Discovering subsystems at path C:/Program Files/Unity/2020.2.1f1/Editor/Data/Resources/UnitySubsystems
[Subsystems] Discovering subsystems at path C:/Dev/TowerDefense/Assets
GfxDevice: creating device client; threaded=0
Direct3D:
    Version:  Direct3D 11.0 [level 11.1]
    Renderer: NVIDIA GeForce GTX 1070 with Max-Q Design (ID=0x1ba1)
    Vendor:   
    VRAM:     8081 MB
    Driver:   26.21.14.4193
Initialize mono
Mono path[0] = 'C:/Program Files/Unity/2020.2.1f1/Editor/Data/Managed'
Mono path[1] = 'C:/Program Files/Unity/2020.2.1f1/Editor/Data/MonoBleedingEdge/lib/mono/unityjit'
Mono config path = 'C:/Program Files/Unity/2020.2.1f1/Editor/Data/MonoBleedingEdge/etc'
Using monoOptions --debugger-agent=transport=dt_socket,embedding=1,server=y,suspend=n,address=127.0.0.1:56480
Begin MonoManager ReloadAssembly
Registering precompiled unity dll's ...
Register platform support module: C:/Program Files/Unity/2020.2.1f1/Editor/Data/PlaybackEngines/WindowsStandaloneSupport/UnityEditor.WindowsStandalone.Extensions.dll
Registered in 0.001602 seconds.
Native extension for WindowsStandalone target not found
Refreshing native plugins compatible for Editor in 61.03 ms, found 0 plugins.
Preloading 0 native plugins for Editor in 0.00 ms.
Invoked RoslynAnalysisRunner static constructor.
RoslynAnalysisRunner will not be running.
RoslynAnalysisRunner has terminated.
Mono: successfully reloaded assembly
- Completed reload, in  0.956 seconds
Platform modules already initialized, skipping
Registering precompiled user dll's ...
Registered in 0.001529 seconds.
Begin MonoManager ReloadAssembly
Native extension for WindowsStandalone target not found
Refreshing native plugins compatible for Editor in 70.09 ms, found 0 plugins.
Preloading 0 native plugins for Editor in 0.00 ms.
Invoked RoslynAnalysisRunner static constructor.
RoslynAnalysisRunner will not be running.
RoslynAnalysisRunner has terminated.
HDRP Internally changed the storage of Cube Cookie to use Octahedral Projection inside the 2D Cookie Atlas. It is recommended that you increase the size of the 2D Cookie Atlas if your cookies no longer fit.
UnityEngine.StackTraceUtility:ExtractStackTrace ()
UnityEngine.DebugLogHandler:LogFormat (UnityEngine.LogType,UnityEngine.Object,string,object[])
UnityEngine.Logger:Log (UnityEngine.LogType,object)
UnityEngine.Debug:Log (object)
UnityEngine.Rendering.HighDefinition.HDRenderPipelineAsset/<>c:<.cctor>b__110_12 (UnityEngine.Rendering.HighDefinition.HDRenderPipelineAsset) (at Library/PackageCache/com.unity.render-pipelines.high-definition@10.2.2/Runtime/RenderPipeline/HDRenderPipelineAsset.Migration.cs:126)
UnityEngine.Rendering.HighDefinition.MigrationStep`2<UnityEngine.Rendering.HighDefinition.HDRenderPipelineAsset/Version, UnityEngine.Rendering.HighDefinition.HDRenderPipelineAsset>:Migrate (UnityEngine.Rendering.HighDefinition.HDRenderPipelineAsset) (at Library/PackageCache/com.unity.render-pipelines.high-definition@10.2.2/Runtime/Core/Migration/MigrationStep.cs:52)
UnityEngine.Rendering.HighDefinition.MigrationDescription`2<UnityEngine.Rendering.HighDefinition.HDRenderPipelineAsset/Version, UnityEngine.Rendering.HighDefinition.HDRenderPipelineAsset>:Migrate (UnityEngine.Rendering.HighDefinition.HDRenderPipelineAsset) (at Library/PackageCache/com.unity.render-pipelines.high-definition@10.2.2/Runtime/Core/Migration/MigrationDescription.cs:101)
UnityEngine.Rendering.HighDefinition.HDRenderPipelineAsset:OnEnable () (at Library/PackageCache/com.unity.render-pipelines.high-definition@10.2.2/Runtime/RenderPipeline/HDRenderPipelineAsset.Migration.cs:146)
UnityEngine.Rendering.GraphicsSettings:get_currentRenderPipeline ()
UnityEditor.Rendering.HighDefinition.HDBakedReflectionSystem:Initialize () (at Library/PackageCache/com.unity.render-pipelines.high-definition@10.2.2/Editor/Lighting/Reflection/HDBakedReflectionSystem.cs:42)

(Filename: Library/PackageCache/com.unity.render-pipelines.high-definition@10.2.2/Runtime/RenderPipeline/HDRenderPipelineAsset.Migration.cs Line: 126)

Mono: successfully reloaded assembly
- Completed reload, in  1.240 seconds
Platform modules already initialized, skipping
========================================================================
Worker process is ready to serve import requests
Launched and connected shader compiler UnityShaderCompiler.exe after 0.05 seconds
Refreshing native plugins compatible for Editor in 0.51 ms, found 0 plugins.
Preloading 0 native plugins for Editor in 0.00 ms.
Unloading 3337 Unused Serialized files (Serialized files now loaded: 0)
System memory in use before: 169.5 MB.
System memory in use after: 169.7 MB.

Unloading 10 unused Assets to reduce memory usage. Loaded Objects now: 3798.
Total: 2.498300 ms (FindLiveObjects: 0.316300 ms CreateObjectMapping: 0.152100 ms MarkObjects: 1.980300 ms  DeleteObjects: 0.048500 ms)

========================================================================
Received Import Request.
  path: Assets/Towers/Prefabs/Homing.prefab
  artifactKey: Guid(8d9a6e4f93fb8ad449b1fa771186d45f) Importer(815301076,1909f56bfc062723c751e8b465ee728b)
Start importing Assets/Towers/Prefabs/Homing.prefab using Guid(8d9a6e4f93fb8ad449b1fa771186d45f) Importer(815301076,1909f56bfc062723c751e8b465ee728b)  -> (artifact id: '1e8dc5b945cebbd29fb460524ef8b8c3') in 0.754074 seconds
  Import took 0.762957 seconds .

========================================================================
Received Prepare
Registering precompiled user dll's ...
Registered in 0.001514 seconds.
Begin MonoManager ReloadAssembly
Native extension for WindowsStandalone target not found
Refreshing native plugins compatible for Editor in 0.52 ms, found 0 plugins.
Preloading 0 native plugins for Editor in 0.00 ms.
Invoked RoslynAnalysisRunner static constructor.
RoslynAnalysisRunner will not be running.
RoslynAnalysisRunner has terminated.
Mono: successfully reloaded assembly
- Completed reload, in  1.201 seconds
Platform modules already initialized, skipping
Refreshing native plugins compatible for Editor in 0.60 ms, found 0 plugins.
Preloading 0 native plugins for Editor in 0.00 ms.
Unloading 3060 Unused Serialized files (Serialized files now loaded: 0)
System memory in use before: 168.0 MB.
System memory in use after: 168.3 MB.

Unloading 5 unused Assets to reduce memory usage. Loaded Objects now: 3935.
Total: 3.030600 ms (FindLiveObjects: 0.353900 ms CreateObjectMapping: 0.164700 ms MarkObjects: 2.488500 ms  DeleteObjects: 0.022500 ms)

========================================================================
Received Import Request.
  Time since last request: 107.538746 seconds.
  path: Assets/Towers/Prefabs/Homing.prefab
  artifactKey: Guid(8d9a6e4f93fb8ad449b1fa771186d45f) Importer(815301076,1909f56bfc062723c751e8b465ee728b)
Start importing Assets/Towers/Prefabs/Homing.prefab using Guid(8d9a6e4f93fb8ad449b1fa771186d45f) Importer(815301076,1909f56bfc062723c751e8b465ee728b)  -> (artifact id: 'b49ed4d2dc16b60dcd7968c64210afbc') in 0.644881 seconds
  Import took 0.651650 seconds .

========================================================================
Received Import Request.
  Time since last request: 0.660571 seconds.
  path: Assets/Towers/Prefabs/Homing.prefab
  artifactKey: Guid(8d9a6e4f93fb8ad449b1fa771186d45f) Importer(815301076,1909f56bfc062723c751e8b465ee728b)
Start importing Assets/Towers/Prefabs/Homing.prefab using Guid(8d9a6e4f93fb8ad449b1fa771186d45f) Importer(815301076,1909f56bfc062723c751e8b465ee728b)  -> (artifact id: 'b49ed4d2dc16b60dcd7968c64210afbc') in 0.051785 seconds
  Import took 0.057607 seconds .

========================================================================
Received Prepare
Registering precompiled user dll's ...
Registered in 0.001579 seconds.
Begin MonoManager ReloadAssembly
Native extension for WindowsStandalone target not found
Refreshing native plugins compatible for Editor in 0.53 ms, found 0 plugins.
Preloading 0 native plugins for Editor in 0.00 ms.
Invoked RoslynAnalysisRunner static constructor.
RoslynAnalysisRunner will not be running.
RoslynAnalysisRunner has terminated.
Mono: successfully reloaded assembly
- Completed reload, in  1.085 seconds
Platform modules already initialized, skipping
Refreshing native plugins compatible for Editor in 0.50 ms, found 0 plugins.
Preloading 0 native plugins for Editor in 0.00 ms.
Unloading 3048 Unused Serialized files (Serialized files now loaded: 0)
System memory in use before: 167.9 MB.
System memory in use after: 168.1 MB.

Unloading 5 unused Assets to reduce memory usage. Loaded Objects now: 4039.
Total: 2.780000 ms (FindLiveObjects: 0.313000 ms CreateObjectMapping: 0.176200 ms MarkObjects: 2.274200 ms  DeleteObjects: 0.015700 ms)

========================================================================
Received Import Request.
  Time since last request: 16.344035 seconds.
  path: Assets/Towers/Prefabs/Homing.prefab
  artifactKey: Guid(8d9a6e4f93fb8ad449b1fa771186d45f) Importer(815301076,1909f56bfc062723c751e8b465ee728b)
Start importing Assets/Towers/Prefabs/Homing.prefab using Guid(8d9a6e4f93fb8ad449b1fa771186d45f) Importer(815301076,1909f56bfc062723c751e8b465ee728b)  -> (artifact id: '68af4c887a3835e643538ad50cd398c2') in 0.596788 seconds
  Import took 0.602306 seconds .

========================================================================
Received Import Request.
  Time since last request: 5.498029 seconds.
  path: Assets/Towers/Prefabs/Homing.prefab
  artifactKey: Guid(8d9a6e4f93fb8ad449b1fa771186d45f) Importer(815301076,1909f56bfc062723c751e8b465ee728b)
Start importing Assets/Towers/Prefabs/Homing.prefab using Guid(8d9a6e4f93fb8ad449b1fa771186d45f) Importer(815301076,1909f56bfc062723c751e8b465ee728b)  -> (artifact id: '86b806aeed22731356ea541c0ef42dff') in 0.044484 seconds
  Import took 0.050810 seconds .

========================================================================
Received Prepare
Registering precompiled user dll's ...
Registered in 0.001616 seconds.
Begin MonoManager ReloadAssembly
Native extension for WindowsStandalone target not found
Refreshing native plugins compatible for Editor in 0.51 ms, found 0 plugins.
Preloading 0 native plugins for Editor in 0.00 ms.
Invoked RoslynAnalysisRunner static constructor.
RoslynAnalysisRunner will not be running.
RoslynAnalysisRunner has terminated.
Mono: successfully reloaded assembly
- Completed reload, in  1.085 seconds
Platform modules already initialized, skipping
Refreshing native plugins compatible for Editor in 0.55 ms, found 0 plugins.
Preloading 0 native plugins for Editor in 0.00 ms.
Unloading 3048 Unused Serialized files (Serialized files now loaded: 0)
System memory in use before: 168.3 MB.
System memory in use after: 168.6 MB.

Unloading 5 unused Assets to reduce memory usage. Loaded Objects now: 4143.
Total: 4.198400 ms (FindLiveObjects: 0.434800 ms CreateObjectMapping: 0.260900 ms MarkObjects: 3.473100 ms  DeleteObjects: 0.028200 ms)

========================================================================
Received Import Request.
  Time since last request: 300.426763 seconds.
  path: Assets/Towers/Prefabs/Homing.prefab
  artifactKey: Guid(8d9a6e4f93fb8ad449b1fa771186d45f) Importer(815301076,1909f56bfc062723c751e8b465ee728b)
Start importing Assets/Towers/Prefabs/Homing.prefab using Guid(8d9a6e4f93fb8ad449b1fa771186d45f) Importer(815301076,1909f56bfc062723c751e8b465ee728b)  -> (artifact id: 'cb36b1d02417132a746e9e4fdb8b77d2') in 0.627208 seconds
  Import took 0.633428 seconds .

========================================================================
Received Import Request.
  Time since last request: 1.352342 seconds.
  path: Assets/Towers/Prefabs/Homing.prefab
  artifactKey: Guid(8d9a6e4f93fb8ad449b1fa771186d45f) Importer(815301076,1909f56bfc062723c751e8b465ee728b)
Start importing Assets/Towers/Prefabs/Homing.prefab using Guid(8d9a6e4f93fb8ad449b1fa771186d45f) Importer(815301076,1909f56bfc062723c751e8b465ee728b)  -> (artifact id: 'cb36b1d02417132a746e9e4fdb8b77d2') in 0.050243 seconds
  Import took 0.056025 seconds .

========================================================================
Received Prepare
Registering precompiled user dll's ...
Registered in 0.002148 seconds.
Begin MonoManager ReloadAssembly
Native extension for WindowsStandalone target not found
Refreshing native plugins compatible for Editor in 0.50 ms, found 0 plugins.
Preloading 0 native plugins for Editor in 0.00 ms.
Invoked RoslynAnalysisRunner static constructor.
RoslynAnalysisRunner will not be running.
RoslynAnalysisRunner has terminated.
Mono: successfully reloaded assembly
- Completed reload, in  1.129 seconds
Platform modules already initialized, skipping
Refreshing native plugins compatible for Editor in 0.50 ms, found 0 plugins.
Preloading 0 native plugins for Editor in 0.00 ms.
Unloading 3048 Unused Serialized files (Serialized files now loaded: 0)
System memory in use before: 168.6 MB.
System memory in use after: 168.8 MB.

Unloading 5 unused Assets to reduce memory usage. Loaded Objects now: 4247.
Total: 3.605400 ms (FindLiveObjects: 0.509800 ms CreateObjectMapping: 0.186600 ms MarkObjects: 2.866800 ms  DeleteObjects: 0.019200 ms)

AssetImportWorkerClient::OnTransportError - code=2 error=End of file
